  work.cpp
  ui.cpp
  tutorial.cpp
  title.cpp
  timer.cpp
  sprite_data.cpp
  scene_title.cpp
  scene_over.cpp
  scene_game.cpp
  RankingNum.cpp
  ranking.cpp
  randomMark.cpp
  pushBotton_B.cpp
  pressShutter.cpp
  pressMachine.cpp
  playerUI.cpp
  player.cpp
  plate.cpp
  pause.cpp
  obj2d.cpp
d:\チーム制作\124_gr1gb大門_gr1ga高尾_gi1a井上 3回目\gamename\vol0.4.0\obj2d.cpp(123): warning C4458: 'animeData' を宣言すると、クラス メンバーが隠蔽されます
  d:\チーム制作\124_gr1gb大門_gr1ga高尾_gi1a井上 3回目\gamename\vol0.4.0\obj2d.h(136): note: 'OBJ2D::animeData' の宣言を確認してください
  コードを生成中...
  コンパイル中...
  main.cpp
  kage.cpp
  judge.cpp
  item.cpp
  imgui_widgets.cpp
  imgui_impl_win32.cpp
  imgui_impl_dx11.cpp
  imgui_draw.cpp
  imgui_demo.cpp
  imgui.cpp
  garbage.cpp
  gameMode.cpp
  vector.cpp
  texture.cpp
  sprite.cpp
  resource_manager.cpp
  primitive.cpp
  obj2d_data.cpp
  input_manager.cpp
  game_lib.cpp
  コードを生成中...
  コンパイル中...
  frame_rate.cpp
  font.cpp
  dxtk_audio.cpp
  debug.cpp
  fukidasi.cpp
  effect.cpp
  dustbox.cpp
  conveyor.cpp
  comb.cpp
  BG.cpp
  ber.cpp
  audio.cpp
  コードを生成中...
  gp1.vcxproj -> D:\チーム制作\124_GR1GB大門_GR1GA高尾_GI1A井上 3回目\gameName\vol0.4.0\Debug\gp1.exe
