c:\users\2190144\desktop\雛形コピーしろ\gp1 制作用ひな型\debug\vc140.pdb
c:\users\2190144\desktop\雛形コピーしろ\gp1 制作用ひな型\debug\vc140.idb
c:\users\2190144\desktop\雛形コピーしろ\gp1 制作用ひな型\debug\audio.obj
c:\users\2190144\desktop\雛形コピーしろ\gp1 制作用ひな型\debug\debug.obj
c:\users\2190144\desktop\雛形コピーしろ\gp1 制作用ひな型\debug\dxtk_audio.obj
c:\users\2190144\desktop\雛形コピーしろ\gp1 制作用ひな型\debug\font.obj
c:\users\2190144\desktop\雛形コピーしろ\gp1 制作用ひな型\debug\frame_rate.obj
c:\users\2190144\desktop\雛形コピーしろ\gp1 制作用ひな型\debug\game_lib.obj
c:\users\2190144\desktop\雛形コピーしろ\gp1 制作用ひな型\debug\input_manager.obj
c:\users\2190144\desktop\雛形コピーしろ\gp1 制作用ひな型\debug\obj2d_data.obj
c:\users\2190144\desktop\雛形コピーしろ\gp1 制作用ひな型\debug\primitive.obj
c:\users\2190144\desktop\雛形コピーしろ\gp1 制作用ひな型\debug\resource_manager.obj
c:\users\2190144\desktop\雛形コピーしろ\gp1 制作用ひな型\debug\sprite.obj
c:\users\2190144\desktop\雛形コピーしろ\gp1 制作用ひな型\debug\texture.obj
c:\users\2190144\desktop\雛形コピーしろ\gp1 制作用ひな型\debug\vector.obj
c:\users\2190144\desktop\雛形コピーしろ\gp1 制作用ひな型\debug\main.obj
c:\users\2190144\desktop\雛形コピーしろ\gp1 制作用ひな型\debug\obj2d.obj
c:\users\2190144\desktop\雛形コピーしろ\gp1 制作用ひな型\debug\scene_game.obj
c:\users\2190144\desktop\雛形コピーしろ\gp1 制作用ひな型\debug\scene_title.obj
c:\users\2190144\desktop\雛形コピーしろ\gp1 制作用ひな型\debug\gp1.ilk
c:\users\2190144\desktop\雛形コピーしろ\gp1 制作用ひな型\debug\gp1.exe
c:\users\2190144\desktop\雛形コピーしろ\gp1 制作用ひな型\debug\gp1.pdb
c:\users\2190144\desktop\雛形コピーしろ\gp1 制作用ひな型\debug\gp1.tlog\cl.command.1.tlog
c:\users\2190144\desktop\雛形コピーしろ\gp1 制作用ひな型\debug\gp1.tlog\cl.read.1.tlog
c:\users\2190144\desktop\雛形コピーしろ\gp1 制作用ひな型\debug\gp1.tlog\cl.write.1.tlog
c:\users\2190144\desktop\雛形コピーしろ\gp1 制作用ひな型\debug\gp1.tlog\link.command.1.tlog
c:\users\2190144\desktop\雛形コピーしろ\gp1 制作用ひな型\debug\gp1.tlog\link.read.1.tlog
c:\users\2190144\desktop\雛形コピーしろ\gp1 制作用ひな型\debug\gp1.tlog\link.write.1.tlog
