d:\チーム制作\124_gr1gb大門_gr1ga高尾_gi1a井上 3回目\gamename\vol0.4.0\release\vc140.pdb
d:\チーム制作\124_gr1gb大門_gr1ga高尾_gi1a井上 3回目\gamename\vol0.4.0\release\imgui.obj
d:\チーム制作\124_gr1gb大門_gr1ga高尾_gi1a井上 3回目\gamename\vol0.4.0\release\garbage.obj
d:\チーム制作\124_gr1gb大門_gr1ga高尾_gi1a井上 3回目\gamename\vol0.4.0\release\vector.obj
d:\チーム制作\124_gr1gb大門_gr1ga高尾_gi1a井上 3回目\gamename\vol0.4.0\release\texture.obj
d:\チーム制作\124_gr1gb大門_gr1ga高尾_gi1a井上 3回目\gamename\vol0.4.0\release\sprite.obj
d:\チーム制作\124_gr1gb大門_gr1ga高尾_gi1a井上 3回目\gamename\vol0.4.0\release\resource_manager.obj
d:\チーム制作\124_gr1gb大門_gr1ga高尾_gi1a井上 3回目\gamename\vol0.4.0\release\primitive.obj
d:\チーム制作\124_gr1gb大門_gr1ga高尾_gi1a井上 3回目\gamename\vol0.4.0\release\obj2d_data.obj
d:\チーム制作\124_gr1gb大門_gr1ga高尾_gi1a井上 3回目\gamename\vol0.4.0\release\input_manager.obj
d:\チーム制作\124_gr1gb大門_gr1ga高尾_gi1a井上 3回目\gamename\vol0.4.0\release\game_lib.obj
d:\チーム制作\124_gr1gb大門_gr1ga高尾_gi1a井上 3回目\gamename\vol0.4.0\release\frame_rate.obj
d:\チーム制作\124_gr1gb大門_gr1ga高尾_gi1a井上 3回目\gamename\vol0.4.0\release\font.obj
d:\チーム制作\124_gr1gb大門_gr1ga高尾_gi1a井上 3回目\gamename\vol0.4.0\release\dxtk_audio.obj
d:\チーム制作\124_gr1gb大門_gr1ga高尾_gi1a井上 3回目\gamename\vol0.4.0\release\debug.obj
d:\チーム制作\124_gr1gb大門_gr1ga高尾_gi1a井上 3回目\gamename\vol0.4.0\release\dustbox.obj
d:\チーム制作\124_gr1gb大門_gr1ga高尾_gi1a井上 3回目\gamename\vol0.4.0\release\conveyor.obj
d:\チーム制作\124_gr1gb大門_gr1ga高尾_gi1a井上 3回目\gamename\vol0.4.0\release\comb.obj
d:\チーム制作\124_gr1gb大門_gr1ga高尾_gi1a井上 3回目\gamename\vol0.4.0\release\bg.obj
d:\チーム制作\124_gr1gb大門_gr1ga高尾_gi1a井上 3回目\gamename\vol0.4.0\release\ber.obj
d:\チーム制作\124_gr1gb大門_gr1ga高尾_gi1a井上 3回目\gamename\vol0.4.0\release\audio.obj
d:\チーム制作\124_gr1gb大門_gr1ga高尾_gi1a井上 3回目\gamename\vol0.4.0\release\work.obj
d:\チーム制作\124_gr1gb大門_gr1ga高尾_gi1a井上 3回目\gamename\vol0.4.0\release\ui.obj
d:\チーム制作\124_gr1gb大門_gr1ga高尾_gi1a井上 3回目\gamename\vol0.4.0\release\timer.obj
d:\チーム制作\124_gr1gb大門_gr1ga高尾_gi1a井上 3回目\gamename\vol0.4.0\release\sprite_data.obj
d:\チーム制作\124_gr1gb大門_gr1ga高尾_gi1a井上 3回目\gamename\vol0.4.0\release\scene_title.obj
d:\チーム制作\124_gr1gb大門_gr1ga高尾_gi1a井上 3回目\gamename\vol0.4.0\release\scene_game.obj
d:\チーム制作\124_gr1gb大門_gr1ga高尾_gi1a井上 3回目\gamename\vol0.4.0\release\ranking.obj
d:\チーム制作\124_gr1gb大門_gr1ga高尾_gi1a井上 3回目\gamename\vol0.4.0\release\randommark.obj
d:\チーム制作\124_gr1gb大門_gr1ga高尾_gi1a井上 3回目\gamename\vol0.4.0\release\pressmachine.obj
d:\チーム制作\124_gr1gb大門_gr1ga高尾_gi1a井上 3回目\gamename\vol0.4.0\release\player.obj
d:\チーム制作\124_gr1gb大門_gr1ga高尾_gi1a井上 3回目\gamename\vol0.4.0\release\obj2d.obj
d:\チーム制作\124_gr1gb大門_gr1ga高尾_gi1a井上 3回目\gamename\vol0.4.0\release\main.obj
d:\チーム制作\124_gr1gb大門_gr1ga高尾_gi1a井上 3回目\gamename\vol0.4.0\release\judge.obj
d:\チーム制作\124_gr1gb大門_gr1ga高尾_gi1a井上 3回目\gamename\vol0.4.0\release\item.obj
d:\チーム制作\124_gr1gb大門_gr1ga高尾_gi1a井上 3回目\gamename\vol0.4.0\release\imgui_widgets.obj
d:\チーム制作\124_gr1gb大門_gr1ga高尾_gi1a井上 3回目\gamename\vol0.4.0\release\imgui_impl_win32.obj
d:\チーム制作\124_gr1gb大門_gr1ga高尾_gi1a井上 3回目\gamename\vol0.4.0\release\imgui_impl_dx11.obj
d:\チーム制作\124_gr1gb大門_gr1ga高尾_gi1a井上 3回目\gamename\vol0.4.0\release\imgui_draw.obj
d:\チーム制作\124_gr1gb大門_gr1ga高尾_gi1a井上 3回目\gamename\vol0.4.0\release\imgui_demo.obj
d:\チーム制作\124_gr1gb大門_gr1ga高尾_gi1a井上 3回目\gamename\vol0.4.0\release\gp1.exe
d:\チーム制作\124_gr1gb大門_gr1ga高尾_gi1a井上 3回目\gamename\vol0.4.0\release\gp1.ipdb
d:\チーム制作\124_gr1gb大門_gr1ga高尾_gi1a井上 3回目\gamename\vol0.4.0\release\gp1.iobj
d:\チーム制作\124_gr1gb大門_gr1ga高尾_gi1a井上 3回目\gamename\vol0.4.0\release\gp1.tlog\cl.command.1.tlog
d:\チーム制作\124_gr1gb大門_gr1ga高尾_gi1a井上 3回目\gamename\vol0.4.0\release\gp1.tlog\cl.read.1.tlog
d:\チーム制作\124_gr1gb大門_gr1ga高尾_gi1a井上 3回目\gamename\vol0.4.0\release\gp1.tlog\cl.write.1.tlog
d:\チーム制作\124_gr1gb大門_gr1ga高尾_gi1a井上 3回目\gamename\vol0.4.0\release\gp1.tlog\link.command.1.tlog
d:\チーム制作\124_gr1gb大門_gr1ga高尾_gi1a井上 3回目\gamename\vol0.4.0\release\gp1.tlog\link.read.1.tlog
d:\チーム制作\124_gr1gb大門_gr1ga高尾_gi1a井上 3回目\gamename\vol0.4.0\release\gp1.tlog\link.write.1.tlog
